<?xml version="1.0" encoding="UTF-8"?>
<!-- Generated by org.testng.reporters.JUnitReportReporter -->
<testsuite skipped="0" hostname="DESKTOP-E684133" name="com.gmail.AppTest" tests="1" failures="0" timestamp="04 Mar 2022 15:44:09 GMT" time="0.000" errors="0">
  <testcase name="shouldAnswerWithTrue" time="0.000" classname="com.gmail.AppTest"/>
</testsuite> <!-- com.gmail.AppTest -->
